2018-06-05 23:58:21,660 [Worker-2] INFO  o.e.m.c.i.p.ProjectConfigurationManager - Collecting project info '/pom.xml' /Users/liuyi/Documents/workspace/O2O/o2o/pom.xml
2018-06-05 23:58:23,616 [Worker-2] INFO  o.e.m.c.i.l.LifecycleMappingFactory - Using org.maven.ide.eclipse.wtp.WarLifecycleMapping lifecycle mapping for MavenProject: com.imooc:o2o:0.0.1-SNAPSHOT @ /Users/liuyi/Documents/workspace/O2O/o2o/pom.xml.
2018-06-05 23:58:24,679 [Worker-2] INFO  o.e.m.j.i.AbstractJavaProjectConfigurator - Adding source folder /o2o/src/main/java
2018-06-05 23:58:24,681 [Worker-2] INFO  o.e.m.j.i.AbstractJavaProjectConfigurator - Adding resource folder /o2o/src/main/resources
2018-06-05 23:58:24,683 [Worker-2] INFO  o.e.m.j.i.AbstractJavaProjectConfigurator - Adding source folder /o2o/src/test/java
2018-06-05 23:58:29,436 [Worker-2] WARN  o.e.m.c.i.embedder.EclipseLogger - Failed to retrieve plugin descriptor for org.apache.maven.plugins:maven-clean-plugin:2.5: Plugin org.apache.maven.plugins:maven-clean-plugin:2.5 or one of its dependencies could not be resolved: Failed to read artifact descriptor for org.apache.maven.plugins:maven-clean-plugin:jar:2.5
2018-06-05 23:58:29,438 [Worker-2] WARN  o.e.m.c.i.embedder.EclipseLogger - Failed to retrieve plugin descriptor for org.apache.maven.plugins:maven-clean-plugin:2.5: Plugin org.apache.maven.plugins:maven-clean-plugin:2.5 or one of its dependencies could not be resolved: Failed to read artifact descriptor for org.apache.maven.plugins:maven-clean-plugin:jar:2.5
2018-06-05 23:58:29,666 [Worker-2] INFO  o.e.m.c.i.p.ProjectConfigurationManager - Imported and configured 1 project(s) in 7 sec
2018-06-05 23:58:30,269 [Worker-16] WARN  o.e.m.c.i.embedder.EclipseLogger - Using platform encoding (UTF-8 actually) to copy filtered resources, i.e. build is platform dependent!
2018-06-05 23:58:30,288 [Worker-16] INFO  o.e.m.c.i.embedder.EclipseLogger - Copying 0 resource
2018-06-05 23:58:30,294 [Worker-16] WARN  o.e.m.c.i.embedder.EclipseLogger - Using platform encoding (UTF-8 actually) to copy filtered resources, i.e. build is platform dependent!
2018-06-05 23:58:30,295 [Worker-16] INFO  o.e.m.c.i.embedder.EclipseLogger - skip non existing resourceDirectory /Users/liuyi/Documents/workspace/O2O/o2o/src/test/resources
2018-06-05 23:58:30,616 [Worker-36] WARN  o.e.m.c.i.embedder.EclipseLogger - Using platform encoding (UTF-8 actually) to copy filtered resources, i.e. build is platform dependent!
2018-06-05 23:58:30,619 [Worker-36] INFO  o.e.m.c.i.embedder.EclipseLogger - Copying 0 resource
2018-06-05 23:58:30,621 [Worker-36] WARN  o.e.m.c.i.embedder.EclipseLogger - Using platform encoding (UTF-8 actually) to copy filtered resources, i.e. build is platform dependent!
2018-06-05 23:58:30,622 [Worker-36] INFO  o.e.m.c.i.embedder.EclipseLogger - skip non existing resourceDirectory /Users/liuyi/Documents/workspace/O2O/o2o/src/test/resources
2018-06-06 00:08:30,319 [Worker-12] WARN  o.e.m.c.i.embedder.EclipseLogger - Using platform encoding (UTF-8 actually) to copy filtered resources, i.e. build is platform dependent!
2018-06-06 00:08:30,340 [Worker-12] INFO  o.e.m.c.i.embedder.EclipseLogger - Copying 0 resource
2018-06-06 00:08:30,343 [Worker-12] WARN  o.e.m.c.i.embedder.EclipseLogger - Using platform encoding (UTF-8 actually) to copy filtered resources, i.e. build is platform dependent!
2018-06-06 00:08:30,349 [Worker-12] INFO  o.e.m.c.i.embedder.EclipseLogger - skip non existing resourceDirectory /Users/liuyi/Documents/workspace/O2O/o2o/src/test/resources
2018-06-06 00:12:53,077 [Worker-15] WARN  o.e.m.c.i.embedder.EclipseLogger - Using platform encoding (UTF-8 actually) to copy filtered resources, i.e. build is platform dependent!
2018-06-06 00:12:53,081 [Worker-15] INFO  o.e.m.c.i.embedder.EclipseLogger - Copying 0 resource
2018-06-06 00:12:53,083 [Worker-15] WARN  o.e.m.c.i.embedder.EclipseLogger - Using platform encoding (UTF-8 actually) to copy filtered resources, i.e. build is platform dependent!
2018-06-06 00:12:53,084 [Worker-15] INFO  o.e.m.c.i.embedder.EclipseLogger - skip non existing resourceDirectory /Users/liuyi/Documents/workspace/O2O/o2o/src/test/resources
2018-06-06 00:26:02,211 [Worker-34] INFO  o.e.m.c.i.p.ProjectConfigurationManager - Update started
2018-06-06 00:26:02,653 [Worker-34] INFO  o.e.m.c.i.l.LifecycleMappingFactory - Using org.maven.ide.eclipse.wtp.WarLifecycleMapping lifecycle mapping for MavenProject: com.imooc:o2o:0.0.1-SNAPSHOT @ /Users/liuyi/Documents/workspace/O2O/o2o/pom.xml.
2018-06-06 00:26:02,690 [Worker-34] WARN  o.e.m.c.i.embedder.EclipseLogger - Failed to retrieve plugin descriptor for org.apache.maven.plugins:maven-clean-plugin:2.5: Plugin org.apache.maven.plugins:maven-clean-plugin:2.5 or one of its dependencies could not be resolved: Failed to read artifact descriptor for org.apache.maven.plugins:maven-clean-plugin:jar:2.5
2018-06-06 00:26:02,693 [Worker-34] WARN  o.e.m.c.i.embedder.EclipseLogger - Failed to retrieve plugin descriptor for org.apache.maven.plugins:maven-clean-plugin:2.5: Plugin org.apache.maven.plugins:maven-clean-plugin:2.5 or one of its dependencies could not be resolved: Failed to read artifact descriptor for org.apache.maven.plugins:maven-clean-plugin:jar:2.5
2018-06-06 00:26:03,238 [Worker-34] INFO  o.e.m.j.i.AbstractJavaProjectConfigurator - Adding source folder /o2o/src/main/java
2018-06-06 00:26:03,239 [Worker-34] INFO  o.e.m.j.i.AbstractJavaProjectConfigurator - Adding resource folder /o2o/src/main/resources
2018-06-06 00:26:03,241 [Worker-34] INFO  o.e.m.j.i.AbstractJavaProjectConfigurator - Adding source folder /o2o/src/test/java
2018-06-06 00:26:33,645 [Worker-34] ERROR o.e.m.w.jsf.internal.utils.JSFUtils - An error occurred trying to find javax.faces.webapp.FacesServlet :
java.net.UnknownHostException: java.sun.com
	at java.net.AbstractPlainSocketImpl.connect(AbstractPlainSocketImpl.java:184) ~[na:1.8.0_111]
	at java.net.SocksSocketImpl.connect(SocksSocketImpl.java:392) ~[na:1.8.0_111]
	at java.net.Socket.connect(Socket.java:589) ~[na:1.8.0_111]
	at java.net.Socket.connect(Socket.java:538) ~[na:1.8.0_111]
	at sun.net.NetworkClient.doConnect(NetworkClient.java:180) ~[na:1.8.0_111]
	at sun.net.www.http.HttpClient.openServer(HttpClient.java:432) ~[na:1.8.0_111]
	at sun.net.www.http.HttpClient.openServer(HttpClient.java:527) ~[na:1.8.0_111]
	at sun.net.www.http.HttpClient.<init>(HttpClient.java:211) ~[na:1.8.0_111]
	at sun.net.www.http.HttpClient.New(HttpClient.java:308) ~[na:1.8.0_111]
	at sun.net.www.http.HttpClient.New(HttpClient.java:326) ~[na:1.8.0_111]
	at sun.net.www.protocol.http.HttpURLConnection.getNewHttpClient(HttpURLConnection.java:1202) ~[na:1.8.0_111]
	at sun.net.www.protocol.http.HttpURLConnection.plainConnect0(HttpURLConnection.java:1138) ~[na:1.8.0_111]
	at sun.net.www.protocol.http.HttpURLConnection.plainConnect(HttpURLConnection.java:1032) ~[na:1.8.0_111]
	at sun.net.www.protocol.http.HttpURLConnection.connect(HttpURLConnection.java:966) ~[na:1.8.0_111]
	at sun.net.www.protocol.http.HttpURLConnection.getInputStream0(HttpURLConnection.java:1546) ~[na:1.8.0_111]
	at sun.net.www.protocol.http.HttpURLConnection.getInputStream(HttpURLConnection.java:1474) ~[na:1.8.0_111]
	at com.sun.org.apache.xerces.internal.impl.XMLEntityManager.setupCurrentEntity(XMLEntityManager.java:647) ~[na:1.8.0_111]
	at com.sun.org.apache.xerces.internal.impl.XMLEntityManager.startEntity(XMLEntityManager.java:1304) ~[na:1.8.0_111]
	at com.sun.org.apache.xerces.internal.impl.XMLEntityManager.startDTDEntity(XMLEntityManager.java:1270) ~[na:1.8.0_111]
	at com.sun.org.apache.xerces.internal.impl.XMLDTDScannerImpl.setInputSource(XMLDTDScannerImpl.java:259) ~[na:1.8.0_111]
	at com.sun.org.apache.xerces.internal.impl.XMLDocumentScannerImpl$DTDDriver.dispatch(XMLDocumentScannerImpl.java:1162) ~[na:1.8.0_111]
	at com.sun.org.apache.xerces.internal.impl.XMLDocumentScannerImpl$DTDDriver.next(XMLDocumentScannerImpl.java:1045) ~[na:1.8.0_111]
	at com.sun.org.apache.xerces.internal.impl.XMLDocumentScannerImpl$PrologDriver.next(XMLDocumentScannerImpl.java:959) ~[na:1.8.0_111]
	at com.sun.org.apache.xerces.internal.impl.XMLDocumentScannerImpl.next(XMLDocumentScannerImpl.java:602) ~[na:1.8.0_111]
	at com.sun.org.apache.xerces.internal.impl.XMLDocumentFragmentScannerImpl.scanDocument(XMLDocumentFragmentScannerImpl.java:505) ~[na:1.8.0_111]
	at com.sun.org.apache.xerces.internal.parsers.XML11Configuration.parse(XML11Configuration.java:841) ~[na:1.8.0_111]
	at com.sun.org.apache.xerces.internal.parsers.XML11Configuration.parse(XML11Configuration.java:770) ~[na:1.8.0_111]
	at com.sun.org.apache.xerces.internal.parsers.XMLParser.parse(XMLParser.java:141) ~[na:1.8.0_111]
	at com.sun.org.apache.xerces.internal.parsers.DOMParser.parse(DOMParser.java:243) ~[na:1.8.0_111]
	at com.sun.org.apache.xerces.internal.jaxp.DocumentBuilderImpl.parse(DocumentBuilderImpl.java:339) ~[na:1.8.0_111]
	at javax.xml.parsers.DocumentBuilder.parse(DocumentBuilder.java:121) ~[na:1.8.0_111]
	at org.eclipse.m2e.wtp.jsf.internal.utils.JSFUtils.hasFacesServlet(JSFUtils.java:139) [org.eclipse.m2e.wtp.jsf_1.3.1.20160831-1005.jar:na]
	at org.eclipse.m2e.wtp.jsf.internal.utils.JSFUtils.hasFacesServlet(JSFUtils.java:115) [org.eclipse.m2e.wtp.jsf_1.3.1.20160831-1005.jar:na]
	at org.eclipse.m2e.wtp.jsf.internal.configurators.WebXmlJSFFacetDetector.hasFacesServletInWebXml(WebXmlJSFFacetDetector.java:80) [org.eclipse.m2e.wtp.jsf_1.3.1.20160831-1005.jar:na]
	at org.eclipse.m2e.wtp.jsf.internal.configurators.WebXmlJSFFacetDetector.findFacetVersion(WebXmlJSFFacetDetector.java:55) [org.eclipse.m2e.wtp.jsf_1.3.1.20160831-1005.jar:na]
	at org.eclipse.m2e.wtp.facets.FacetDetectorManager.findFacetVersion(FacetDetectorManager.java:91) [org.eclipse.m2e.wtp_1.3.1.20160831-1005.jar:na]
	at org.eclipse.m2e.wtp.facets.FacetDetectorManager.findFacetVersion(FacetDetectorManager.java:61) [org.eclipse.m2e.wtp_1.3.1.20160831-1005.jar:na]
	at org.eclipse.m2e.wtp.jsf.internal.configurators.JSFProjectConfigurator.configureInternal(JSFProjectConfigurator.java:93) [org.eclipse.m2e.wtp.jsf_1.3.1.20160831-1005.jar:na]
	at org.eclipse.m2e.wtp.jsf.internal.configurators.JSFProjectConfigurator.configure(JSFProjectConfigurator.java:68) [org.eclipse.m2e.wtp.jsf_1.3.1.20160831-1005.jar:na]
	at org.eclipse.m2e.core.project.configurator.AbstractLifecycleMapping.configure(AbstractLifecycleMapping.java:120) [org.eclipse.m2e.core_1.7.0.20160603-1933.jar:na]
	at org.eclipse.m2e.core.internal.project.ProjectConfigurationManager$3.call(ProjectConfigurationManager.java:501) [org.eclipse.m2e.core_1.7.0.20160603-1933.jar:na]
	at org.eclipse.m2e.core.internal.project.ProjectConfigurationManager$3.call(ProjectConfigurationManager.java:1) [org.eclipse.m2e.core_1.7.0.20160603-1933.jar:na]
	at org.eclipse.m2e.core.internal.embedder.MavenExecutionContext.executeBare(MavenExecutionContext.java:176) [org.eclipse.m2e.core_1.7.0.20160603-1933.jar:na]
	at org.eclipse.m2e.core.internal.embedder.MavenExecutionContext.execute(MavenExecutionContext.java:151) [org.eclipse.m2e.core_1.7.0.20160603-1933.jar:na]
	at org.eclipse.m2e.core.internal.project.ProjectConfigurationManager.updateProjectConfiguration(ProjectConfigurationManager.java:494) [org.eclipse.m2e.core_1.7.0.20160603-1933.jar:na]
	at org.eclipse.m2e.core.internal.project.ProjectConfigurationManager.updateProjectConfiguration0(ProjectConfigurationManager.java:432) [org.eclipse.m2e.core_1.7.0.20160603-1933.jar:na]
	at org.eclipse.m2e.core.internal.project.ProjectConfigurationManager$2.call(ProjectConfigurationManager.java:345) [org.eclipse.m2e.core_1.7.0.20160603-1933.jar:na]
	at org.eclipse.m2e.core.internal.project.ProjectConfigurationManager$2.call(ProjectConfigurationManager.java:1) [org.eclipse.m2e.core_1.7.0.20160603-1933.jar:na]
	at org.eclipse.m2e.core.internal.embedder.MavenExecutionContext.executeBare(MavenExecutionContext.java:176) [org.eclipse.m2e.core_1.7.0.20160603-1933.jar:na]
	at org.eclipse.m2e.core.internal.embedder.MavenExecutionContext.execute(MavenExecutionContext.java:151) [org.eclipse.m2e.core_1.7.0.20160603-1933.jar:na]
	at org.eclipse.m2e.core.internal.embedder.MavenExecutionContext.execute(MavenExecutionContext.java:99) [org.eclipse.m2e.core_1.7.0.20160603-1933.jar:na]
	at org.eclipse.m2e.core.internal.embedder.MavenImpl.execute(MavenImpl.java:1351) [org.eclipse.m2e.core_1.7.0.20160603-1933.jar:na]
	at org.eclipse.m2e.core.internal.project.ProjectConfigurationManager.updateProjectConfiguration(ProjectConfigurationManager.java:342) [org.eclipse.m2e.core_1.7.0.20160603-1933.jar:na]
	at org.eclipse.m2e.core.ui.internal.UpdateMavenProjectJob.runInWorkspace(UpdateMavenProjectJob.java:77) [org.eclipse.m2e.core.ui_1.7.0.20160603-1933.jar:na]
	at org.eclipse.core.internal.resources.InternalWorkspaceJob.run(InternalWorkspaceJob.java:39) [org.eclipse.core.resources_3.11.1.v20161107-2032.jar:na]
	at org.eclipse.core.internal.jobs.Worker.run(Worker.java:55) [org.eclipse.core.jobs_3.8.0.v20160509-0411.jar:na]
2018-06-06 00:26:33,650 [Worker-34] WARN  o.e.m.c.i.embedder.EclipseLogger - Failed to retrieve plugin descriptor for org.apache.maven.plugins:maven-clean-plugin:2.5: Plugin org.apache.maven.plugins:maven-clean-plugin:2.5 or one of its dependencies could not be resolved: Failed to read artifact descriptor for org.apache.maven.plugins:maven-clean-plugin:jar:2.5
2018-06-06 00:26:33,650 [Worker-34] WARN  o.e.m.c.i.embedder.EclipseLogger - Failed to retrieve plugin descriptor for org.apache.maven.plugins:maven-clean-plugin:2.5: Plugin org.apache.maven.plugins:maven-clean-plugin:2.5 or one of its dependencies could not be resolved: Failed to read artifact descriptor for org.apache.maven.plugins:maven-clean-plugin:jar:2.5
2018-06-06 00:26:33,760 [Worker-34] INFO  o.e.m.w.i.f.ResourceFilteringBuildParticipant - Cleaning filtered folder for o2o
2018-06-06 00:26:33,778 [Worker-34] INFO  o.e.m.c.i.p.ProjectConfigurationManager - Update completed: 31 sec
2018-06-06 00:26:33,980 [Worker-31] WARN  o.e.m.c.i.embedder.EclipseLogger - Using platform encoding (UTF-8 actually) to copy filtered resources, i.e. build is platform dependent!
2018-06-06 00:26:33,981 [Worker-31] INFO  o.e.m.c.i.embedder.EclipseLogger - Copying 0 resource
2018-06-06 00:26:33,985 [Worker-31] WARN  o.e.m.c.i.embedder.EclipseLogger - Using platform encoding (UTF-8 actually) to copy filtered resources, i.e. build is platform dependent!
2018-06-06 00:26:33,986 [Worker-31] INFO  o.e.m.c.i.embedder.EclipseLogger - skip non existing resourceDirectory /Users/liuyi/Documents/workspace/O2O/o2o/src/test/resources
2018-06-06 00:26:33,986 [Worker-31] INFO  o.e.m.w.i.f.ResourceFilteringBuildParticipant - Changed resources require a complete clean of filtered resources of o2o
2018-06-06 00:26:33,987 [Worker-31] INFO  o.e.m.w.i.f.ResourceFilteringBuildParticipant - Executing resource filtering for o2o
2018-06-06 00:26:33,991 [Worker-31] WARN  o.e.m.c.i.embedder.EclipseLogger - The POM for org.apache.maven.plugins:maven-clean-plugin:jar:2.5 is missing, no dependency information available
2018-06-06 00:26:34,002 [Worker-31] WARN  o.e.m.c.i.embedder.EclipseLogger - Using platform encoding (UTF-8 actually) to copy filtered resources, i.e. build is platform dependent!
2018-06-06 00:27:49,625 [main] INFO  o.e.m2e.actions.ExecutePomAction - Creating new launch configuration
2018-06-06 00:28:11,170 [Worker-31] INFO  o.e.m.c.i.p.ProjectConfigurationManager - Update started
2018-06-06 00:28:11,494 [Worker-31] INFO  o.e.m.c.i.l.LifecycleMappingFactory - Using org.maven.ide.eclipse.wtp.WarLifecycleMapping lifecycle mapping for MavenProject: com.imooc:o2o:0.0.1-SNAPSHOT @ /Users/liuyi/Documents/workspace/O2O/o2o/pom.xml.
2018-06-06 00:28:11,957 [Worker-31] INFO  o.e.m.j.i.AbstractJavaProjectConfigurator - Adding source folder /o2o/src/main/java
2018-06-06 00:28:11,957 [Worker-31] INFO  o.e.m.j.i.AbstractJavaProjectConfigurator - Adding resource folder /o2o/src/main/resources
2018-06-06 00:28:11,958 [Worker-31] INFO  o.e.m.j.i.AbstractJavaProjectConfigurator - Adding source folder /o2o/src/test/java
2018-06-06 00:28:42,095 [Worker-31] ERROR o.e.m.w.jsf.internal.utils.JSFUtils - An error occurred trying to find javax.faces.webapp.FacesServlet :
java.net.UnknownHostException: java.sun.com
	at java.net.AbstractPlainSocketImpl.connect(AbstractPlainSocketImpl.java:184) ~[na:1.8.0_111]
	at java.net.SocksSocketImpl.connect(SocksSocketImpl.java:392) ~[na:1.8.0_111]
	at java.net.Socket.connect(Socket.java:589) ~[na:1.8.0_111]
	at java.net.Socket.connect(Socket.java:538) ~[na:1.8.0_111]
	at sun.net.NetworkClient.doConnect(NetworkClient.java:180) ~[na:1.8.0_111]
	at sun.net.www.http.HttpClient.openServer(HttpClient.java:432) ~[na:1.8.0_111]
	at sun.net.www.http.HttpClient.openServer(HttpClient.java:527) ~[na:1.8.0_111]
	at sun.net.www.http.HttpClient.<init>(HttpClient.java:211) ~[na:1.8.0_111]
	at sun.net.www.http.HttpClient.New(HttpClient.java:308) ~[na:1.8.0_111]
	at sun.net.www.http.HttpClient.New(HttpClient.java:326) ~[na:1.8.0_111]
	at sun.net.www.protocol.http.HttpURLConnection.getNewHttpClient(HttpURLConnection.java:1202) ~[na:1.8.0_111]
	at sun.net.www.protocol.http.HttpURLConnection.plainConnect0(HttpURLConnection.java:1138) ~[na:1.8.0_111]
	at sun.net.www.protocol.http.HttpURLConnection.plainConnect(HttpURLConnection.java:1032) ~[na:1.8.0_111]
	at sun.net.www.protocol.http.HttpURLConnection.connect(HttpURLConnection.java:966) ~[na:1.8.0_111]
	at sun.net.www.protocol.http.HttpURLConnection.getInputStream0(HttpURLConnection.java:1546) ~[na:1.8.0_111]
	at sun.net.www.protocol.http.HttpURLConnection.getInputStream(HttpURLConnection.java:1474) ~[na:1.8.0_111]
	at com.sun.org.apache.xerces.internal.impl.XMLEntityManager.setupCurrentEntity(XMLEntityManager.java:647) ~[na:1.8.0_111]
	at com.sun.org.apache.xerces.internal.impl.XMLEntityManager.startEntity(XMLEntityManager.java:1304) ~[na:1.8.0_111]
	at com.sun.org.apache.xerces.internal.impl.XMLEntityManager.startDTDEntity(XMLEntityManager.java:1270) ~[na:1.8.0_111]
	at com.sun.org.apache.xerces.internal.impl.XMLDTDScannerImpl.setInputSource(XMLDTDScannerImpl.java:259) ~[na:1.8.0_111]
	at com.sun.org.apache.xerces.internal.impl.XMLDocumentScannerImpl$DTDDriver.dispatch(XMLDocumentScannerImpl.java:1162) ~[na:1.8.0_111]
	at com.sun.org.apache.xerces.internal.impl.XMLDocumentScannerImpl$DTDDriver.next(XMLDocumentScannerImpl.java:1045) ~[na:1.8.0_111]
	at com.sun.org.apache.xerces.internal.impl.XMLDocumentScannerImpl$PrologDriver.next(XMLDocumentScannerImpl.java:959) ~[na:1.8.0_111]
	at com.sun.org.apache.xerces.internal.impl.XMLDocumentScannerImpl.next(XMLDocumentScannerImpl.java:602) ~[na:1.8.0_111]
	at com.sun.org.apache.xerces.internal.impl.XMLDocumentFragmentScannerImpl.scanDocument(XMLDocumentFragmentScannerImpl.java:505) ~[na:1.8.0_111]
	at com.sun.org.apache.xerces.internal.parsers.XML11Configuration.parse(XML11Configuration.java:841) ~[na:1.8.0_111]
	at com.sun.org.apache.xerces.internal.parsers.XML11Configuration.parse(XML11Configuration.java:770) ~[na:1.8.0_111]
	at com.sun.org.apache.xerces.internal.parsers.XMLParser.parse(XMLParser.java:141) ~[na:1.8.0_111]
	at com.sun.org.apache.xerces.internal.parsers.DOMParser.parse(DOMParser.java:243) ~[na:1.8.0_111]
	at com.sun.org.apache.xerces.internal.jaxp.DocumentBuilderImpl.parse(DocumentBuilderImpl.java:339) ~[na:1.8.0_111]
	at javax.xml.parsers.DocumentBuilder.parse(DocumentBuilder.java:121) ~[na:1.8.0_111]
	at org.eclipse.m2e.wtp.jsf.internal.utils.JSFUtils.hasFacesServlet(JSFUtils.java:139) [org.eclipse.m2e.wtp.jsf_1.3.1.20160831-1005.jar:na]
	at org.eclipse.m2e.wtp.jsf.internal.utils.JSFUtils.hasFacesServlet(JSFUtils.java:115) [org.eclipse.m2e.wtp.jsf_1.3.1.20160831-1005.jar:na]
	at org.eclipse.m2e.wtp.jsf.internal.configurators.WebXmlJSFFacetDetector.hasFacesServletInWebXml(WebXmlJSFFacetDetector.java:80) [org.eclipse.m2e.wtp.jsf_1.3.1.20160831-1005.jar:na]
	at org.eclipse.m2e.wtp.jsf.internal.configurators.WebXmlJSFFacetDetector.findFacetVersion(WebXmlJSFFacetDetector.java:55) [org.eclipse.m2e.wtp.jsf_1.3.1.20160831-1005.jar:na]
	at org.eclipse.m2e.wtp.facets.FacetDetectorManager.findFacetVersion(FacetDetectorManager.java:91) [org.eclipse.m2e.wtp_1.3.1.20160831-1005.jar:na]
	at org.eclipse.m2e.wtp.facets.FacetDetectorManager.findFacetVersion(FacetDetectorManager.java:61) [org.eclipse.m2e.wtp_1.3.1.20160831-1005.jar:na]
	at org.eclipse.m2e.wtp.jsf.internal.configurators.JSFProjectConfigurator.configureInternal(JSFProjectConfigurator.java:93) [org.eclipse.m2e.wtp.jsf_1.3.1.20160831-1005.jar:na]
	at org.eclipse.m2e.wtp.jsf.internal.configurators.JSFProjectConfigurator.configure(JSFProjectConfigurator.java:68) [org.eclipse.m2e.wtp.jsf_1.3.1.20160831-1005.jar:na]
	at org.eclipse.m2e.core.project.configurator.AbstractLifecycleMapping.configure(AbstractLifecycleMapping.java:120) [org.eclipse.m2e.core_1.7.0.20160603-1933.jar:na]
	at org.eclipse.m2e.core.internal.project.ProjectConfigurationManager$3.call(ProjectConfigurationManager.java:501) [org.eclipse.m2e.core_1.7.0.20160603-1933.jar:na]
	at org.eclipse.m2e.core.internal.project.ProjectConfigurationManager$3.call(ProjectConfigurationManager.java:1) [org.eclipse.m2e.core_1.7.0.20160603-1933.jar:na]
	at org.eclipse.m2e.core.internal.embedder.MavenExecutionContext.executeBare(MavenExecutionContext.java:176) [org.eclipse.m2e.core_1.7.0.20160603-1933.jar:na]
	at org.eclipse.m2e.core.internal.embedder.MavenExecutionContext.execute(MavenExecutionContext.java:151) [org.eclipse.m2e.core_1.7.0.20160603-1933.jar:na]
	at org.eclipse.m2e.core.internal.project.ProjectConfigurationManager.updateProjectConfiguration(ProjectConfigurationManager.java:494) [org.eclipse.m2e.core_1.7.0.20160603-1933.jar:na]
	at org.eclipse.m2e.core.internal.project.ProjectConfigurationManager.updateProjectConfiguration0(ProjectConfigurationManager.java:432) [org.eclipse.m2e.core_1.7.0.20160603-1933.jar:na]
	at org.eclipse.m2e.core.internal.project.ProjectConfigurationManager$2.call(ProjectConfigurationManager.java:345) [org.eclipse.m2e.core_1.7.0.20160603-1933.jar:na]
	at org.eclipse.m2e.core.internal.project.ProjectConfigurationManager$2.call(ProjectConfigurationManager.java:1) [org.eclipse.m2e.core_1.7.0.20160603-1933.jar:na]
	at org.eclipse.m2e.core.internal.embedder.MavenExecutionContext.executeBare(MavenExecutionContext.java:176) [org.eclipse.m2e.core_1.7.0.20160603-1933.jar:na]
	at org.eclipse.m2e.core.internal.embedder.MavenExecutionContext.execute(MavenExecutionContext.java:151) [org.eclipse.m2e.core_1.7.0.20160603-1933.jar:na]
	at org.eclipse.m2e.core.internal.embedder.MavenExecutionContext.execute(MavenExecutionContext.java:99) [org.eclipse.m2e.core_1.7.0.20160603-1933.jar:na]
	at org.eclipse.m2e.core.internal.embedder.MavenImpl.execute(MavenImpl.java:1351) [org.eclipse.m2e.core_1.7.0.20160603-1933.jar:na]
	at org.eclipse.m2e.core.internal.project.ProjectConfigurationManager.updateProjectConfiguration(ProjectConfigurationManager.java:342) [org.eclipse.m2e.core_1.7.0.20160603-1933.jar:na]
	at org.eclipse.m2e.core.ui.internal.UpdateMavenProjectJob.runInWorkspace(UpdateMavenProjectJob.java:77) [org.eclipse.m2e.core.ui_1.7.0.20160603-1933.jar:na]
	at org.eclipse.core.internal.resources.InternalWorkspaceJob.run(InternalWorkspaceJob.java:39) [org.eclipse.core.resources_3.11.1.v20161107-2032.jar:na]
	at org.eclipse.core.internal.jobs.Worker.run(Worker.java:55) [org.eclipse.core.jobs_3.8.0.v20160509-0411.jar:na]
2018-06-06 00:28:42,230 [Worker-31] INFO  o.e.m.w.i.f.ResourceFilteringBuildParticipant - Cleaning filtered folder for o2o
2018-06-06 00:28:42,234 [Worker-31] INFO  o.e.m.c.i.p.ProjectConfigurationManager - Update completed: 31 sec
2018-06-06 00:28:42,422 [Worker-36] WARN  o.e.m.c.i.embedder.EclipseLogger - Using platform encoding (UTF-8 actually) to copy filtered resources, i.e. build is platform dependent!
2018-06-06 00:28:42,424 [Worker-36] INFO  o.e.m.c.i.embedder.EclipseLogger - Copying 0 resource
2018-06-06 00:28:42,426 [Worker-36] WARN  o.e.m.c.i.embedder.EclipseLogger - Using platform encoding (UTF-8 actually) to copy filtered resources, i.e. build is platform dependent!
2018-06-06 00:28:42,427 [Worker-36] INFO  o.e.m.c.i.embedder.EclipseLogger - skip non existing resourceDirectory /Users/liuyi/Documents/workspace/O2O/o2o/src/test/resources
2018-06-06 00:28:42,427 [Worker-36] INFO  o.e.m.w.i.f.ResourceFilteringBuildParticipant - Changed resources require a complete clean of filtered resources of o2o
2018-06-06 00:28:42,427 [Worker-36] INFO  o.e.m.w.i.f.ResourceFilteringBuildParticipant - Executing resource filtering for o2o
2018-06-06 00:28:42,433 [Worker-36] WARN  o.e.m.c.i.embedder.EclipseLogger - Using platform encoding (UTF-8 actually) to copy filtered resources, i.e. build is platform dependent!
2018-06-06 00:28:55,068 [Worker-37] INFO  o.e.m.c.i.l.LifecycleMappingFactory - Using org.maven.ide.eclipse.wtp.WarLifecycleMapping lifecycle mapping for MavenProject: com.imooc:o2o:0.0.1-SNAPSHOT @ /Users/liuyi/Documents/workspace/O2O/o2o/pom.xml.
2018-06-06 00:28:55,755 [Worker-37] WARN  o.e.m.c.i.embedder.EclipseLogger - Using platform encoding (UTF-8 actually) to copy filtered resources, i.e. build is platform dependent!
2018-06-06 00:28:55,758 [Worker-37] INFO  o.e.m.c.i.embedder.EclipseLogger - Copying 0 resource
2018-06-06 00:28:55,761 [Worker-37] WARN  o.e.m.c.i.embedder.EclipseLogger - Using platform encoding (UTF-8 actually) to copy filtered resources, i.e. build is platform dependent!
2018-06-06 00:28:55,762 [Worker-37] INFO  o.e.m.c.i.embedder.EclipseLogger - skip non existing resourceDirectory /Users/liuyi/Documents/workspace/O2O/o2o/src/test/resources
2018-06-06 00:28:55,763 [Worker-37] INFO  o.e.m.w.i.f.ResourceFilteringBuildParticipant - Changed resources require a complete clean of filtered resources of o2o
2018-06-06 00:28:55,763 [Worker-37] INFO  o.e.m.w.i.f.ResourceFilteringBuildParticipant - Executing resource filtering for o2o
2018-06-06 00:28:55,770 [Worker-37] WARN  o.e.m.c.i.embedder.EclipseLogger - Using platform encoding (UTF-8 actually) to copy filtered resources, i.e. build is platform dependent!
2018-06-06 00:29:13,344 [Worker-31] INFO  o.e.m.c.i.p.ProjectConfigurationManager - Update started
2018-06-06 00:29:13,592 [Worker-31] INFO  o.e.m.c.i.l.LifecycleMappingFactory - Using org.maven.ide.eclipse.wtp.WarLifecycleMapping lifecycle mapping for MavenProject: com.imooc:o2o:0.0.1-SNAPSHOT @ /Users/liuyi/Documents/workspace/O2O/o2o/pom.xml.
2018-06-06 00:29:13,981 [Worker-31] INFO  o.e.m.j.i.AbstractJavaProjectConfigurator - Adding source folder /o2o/src/main/java
2018-06-06 00:29:13,981 [Worker-31] INFO  o.e.m.j.i.AbstractJavaProjectConfigurator - Adding resource folder /o2o/src/main/resources
2018-06-06 00:29:13,984 [Worker-31] INFO  o.e.m.j.i.AbstractJavaProjectConfigurator - Adding source folder /o2o/src/test/java
2018-06-06 00:29:44,198 [Worker-31] ERROR o.e.m.w.jsf.internal.utils.JSFUtils - An error occurred trying to find javax.faces.webapp.FacesServlet :
java.net.UnknownHostException: java.sun.com
	at java.net.AbstractPlainSocketImpl.connect(AbstractPlainSocketImpl.java:184) ~[na:1.8.0_111]
	at java.net.SocksSocketImpl.connect(SocksSocketImpl.java:392) ~[na:1.8.0_111]
	at java.net.Socket.connect(Socket.java:589) ~[na:1.8.0_111]
	at java.net.Socket.connect(Socket.java:538) ~[na:1.8.0_111]
	at sun.net.NetworkClient.doConnect(NetworkClient.java:180) ~[na:1.8.0_111]
	at sun.net.www.http.HttpClient.openServer(HttpClient.java:432) ~[na:1.8.0_111]
	at sun.net.www.http.HttpClient.openServer(HttpClient.java:527) ~[na:1.8.0_111]
	at sun.net.www.http.HttpClient.<init>(HttpClient.java:211) ~[na:1.8.0_111]
	at sun.net.www.http.HttpClient.New(HttpClient.java:308) ~[na:1.8.0_111]
	at sun.net.www.http.HttpClient.New(HttpClient.java:326) ~[na:1.8.0_111]
	at sun.net.www.protocol.http.HttpURLConnection.getNewHttpClient(HttpURLConnection.java:1202) ~[na:1.8.0_111]
	at sun.net.www.protocol.http.HttpURLConnection.plainConnect0(HttpURLConnection.java:1138) ~[na:1.8.0_111]
	at sun.net.www.protocol.http.HttpURLConnection.plainConnect(HttpURLConnection.java:1032) ~[na:1.8.0_111]
	at sun.net.www.protocol.http.HttpURLConnection.connect(HttpURLConnection.java:966) ~[na:1.8.0_111]
	at sun.net.www.protocol.http.HttpURLConnection.getInputStream0(HttpURLConnection.java:1546) ~[na:1.8.0_111]
	at sun.net.www.protocol.http.HttpURLConnection.getInputStream(HttpURLConnection.java:1474) ~[na:1.8.0_111]
	at com.sun.org.apache.xerces.internal.impl.XMLEntityManager.setupCurrentEntity(XMLEntityManager.java:647) ~[na:1.8.0_111]
	at com.sun.org.apache.xerces.internal.impl.XMLEntityManager.startEntity(XMLEntityManager.java:1304) ~[na:1.8.0_111]
	at com.sun.org.apache.xerces.internal.impl.XMLEntityManager.startDTDEntity(XMLEntityManager.java:1270) ~[na:1.8.0_111]
	at com.sun.org.apache.xerces.internal.impl.XMLDTDScannerImpl.setInputSource(XMLDTDScannerImpl.java:259) ~[na:1.8.0_111]
	at com.sun.org.apache.xerces.internal.impl.XMLDocumentScannerImpl$DTDDriver.dispatch(XMLDocumentScannerImpl.java:1162) ~[na:1.8.0_111]
	at com.sun.org.apache.xerces.internal.impl.XMLDocumentScannerImpl$DTDDriver.next(XMLDocumentScannerImpl.java:1045) ~[na:1.8.0_111]
	at com.sun.org.apache.xerces.internal.impl.XMLDocumentScannerImpl$PrologDriver.next(XMLDocumentScannerImpl.java:959) ~[na:1.8.0_111]
	at com.sun.org.apache.xerces.internal.impl.XMLDocumentScannerImpl.next(XMLDocumentScannerImpl.java:602) ~[na:1.8.0_111]
	at com.sun.org.apache.xerces.internal.impl.XMLDocumentFragmentScannerImpl.scanDocument(XMLDocumentFragmentScannerImpl.java:505) ~[na:1.8.0_111]
	at com.sun.org.apache.xerces.internal.parsers.XML11Configuration.parse(XML11Configuration.java:841) ~[na:1.8.0_111]
	at com.sun.org.apache.xerces.internal.parsers.XML11Configuration.parse(XML11Configuration.java:770) ~[na:1.8.0_111]
	at com.sun.org.apache.xerces.internal.parsers.XMLParser.parse(XMLParser.java:141) ~[na:1.8.0_111]
	at com.sun.org.apache.xerces.internal.parsers.DOMParser.parse(DOMParser.java:243) ~[na:1.8.0_111]
	at com.sun.org.apache.xerces.internal.jaxp.DocumentBuilderImpl.parse(DocumentBuilderImpl.java:339) ~[na:1.8.0_111]
	at javax.xml.parsers.DocumentBuilder.parse(DocumentBuilder.java:121) ~[na:1.8.0_111]
	at org.eclipse.m2e.wtp.jsf.internal.utils.JSFUtils.hasFacesServlet(JSFUtils.java:139) [org.eclipse.m2e.wtp.jsf_1.3.1.20160831-1005.jar:na]
	at org.eclipse.m2e.wtp.jsf.internal.utils.JSFUtils.hasFacesServlet(JSFUtils.java:115) [org.eclipse.m2e.wtp.jsf_1.3.1.20160831-1005.jar:na]
	at org.eclipse.m2e.wtp.jsf.internal.configurators.WebXmlJSFFacetDetector.hasFacesServletInWebXml(WebXmlJSFFacetDetector.java:80) [org.eclipse.m2e.wtp.jsf_1.3.1.20160831-1005.jar:na]
	at org.eclipse.m2e.wtp.jsf.internal.configurators.WebXmlJSFFacetDetector.findFacetVersion(WebXmlJSFFacetDetector.java:55) [org.eclipse.m2e.wtp.jsf_1.3.1.20160831-1005.jar:na]
	at org.eclipse.m2e.wtp.facets.FacetDetectorManager.findFacetVersion(FacetDetectorManager.java:91) [org.eclipse.m2e.wtp_1.3.1.20160831-1005.jar:na]
	at org.eclipse.m2e.wtp.facets.FacetDetectorManager.findFacetVersion(FacetDetectorManager.java:61) [org.eclipse.m2e.wtp_1.3.1.20160831-1005.jar:na]
	at org.eclipse.m2e.wtp.jsf.internal.configurators.JSFProjectConfigurator.configureInternal(JSFProjectConfigurator.java:93) [org.eclipse.m2e.wtp.jsf_1.3.1.20160831-1005.jar:na]
	at org.eclipse.m2e.wtp.jsf.internal.configurators.JSFProjectConfigurator.configure(JSFProjectConfigurator.java:68) [org.eclipse.m2e.wtp.jsf_1.3.1.20160831-1005.jar:na]
	at org.eclipse.m2e.core.project.configurator.AbstractLifecycleMapping.configure(AbstractLifecycleMapping.java:120) [org.eclipse.m2e.core_1.7.0.20160603-1933.jar:na]
	at org.eclipse.m2e.core.internal.project.ProjectConfigurationManager$3.call(ProjectConfigurationManager.java:501) [org.eclipse.m2e.core_1.7.0.20160603-1933.jar:na]
	at org.eclipse.m2e.core.internal.project.ProjectConfigurationManager$3.call(ProjectConfigurationManager.java:1) [org.eclipse.m2e.core_1.7.0.20160603-1933.jar:na]
	at org.eclipse.m2e.core.internal.embedder.MavenExecutionContext.executeBare(MavenExecutionContext.java:176) [org.eclipse.m2e.core_1.7.0.20160603-1933.jar:na]
	at org.eclipse.m2e.core.internal.embedder.MavenExecutionContext.execute(MavenExecutionContext.java:151) [org.eclipse.m2e.core_1.7.0.20160603-1933.jar:na]
	at org.eclipse.m2e.core.internal.project.ProjectConfigurationManager.updateProjectConfiguration(ProjectConfigurationManager.java:494) [org.eclipse.m2e.core_1.7.0.20160603-1933.jar:na]
	at org.eclipse.m2e.core.internal.project.ProjectConfigurationManager.updateProjectConfiguration0(ProjectConfigurationManager.java:432) [org.eclipse.m2e.core_1.7.0.20160603-1933.jar:na]
	at org.eclipse.m2e.core.internal.project.ProjectConfigurationManager$2.call(ProjectConfigurationManager.java:345) [org.eclipse.m2e.core_1.7.0.20160603-1933.jar:na]
	at org.eclipse.m2e.core.internal.project.ProjectConfigurationManager$2.call(ProjectConfigurationManager.java:1) [org.eclipse.m2e.core_1.7.0.20160603-1933.jar:na]
	at org.eclipse.m2e.core.internal.embedder.MavenExecutionContext.executeBare(MavenExecutionContext.java:176) [org.eclipse.m2e.core_1.7.0.20160603-1933.jar:na]
	at org.eclipse.m2e.core.internal.embedder.MavenExecutionContext.execute(MavenExecutionContext.java:151) [org.eclipse.m2e.core_1.7.0.20160603-1933.jar:na]
	at org.eclipse.m2e.core.internal.embedder.MavenExecutionContext.execute(MavenExecutionContext.java:99) [org.eclipse.m2e.core_1.7.0.20160603-1933.jar:na]
	at org.eclipse.m2e.core.internal.embedder.MavenImpl.execute(MavenImpl.java:1351) [org.eclipse.m2e.core_1.7.0.20160603-1933.jar:na]
	at org.eclipse.m2e.core.internal.project.ProjectConfigurationManager.updateProjectConfiguration(ProjectConfigurationManager.java:342) [org.eclipse.m2e.core_1.7.0.20160603-1933.jar:na]
	at org.eclipse.m2e.core.ui.internal.UpdateMavenProjectJob.runInWorkspace(UpdateMavenProjectJob.java:77) [org.eclipse.m2e.core.ui_1.7.0.20160603-1933.jar:na]
	at org.eclipse.core.internal.resources.InternalWorkspaceJob.run(InternalWorkspaceJob.java:39) [org.eclipse.core.resources_3.11.1.v20161107-2032.jar:na]
	at org.eclipse.core.internal.jobs.Worker.run(Worker.java:55) [org.eclipse.core.jobs_3.8.0.v20160509-0411.jar:na]
2018-06-06 00:29:44,282 [Worker-31] INFO  o.e.m.w.i.f.ResourceFilteringBuildParticipant - Cleaning filtered folder for o2o
2018-06-06 00:29:44,285 [Worker-31] INFO  o.e.m.c.i.p.ProjectConfigurationManager - Update completed: 30 sec
2018-06-06 00:29:44,345 [Worker-36] WARN  o.e.m.c.i.embedder.EclipseLogger - Using platform encoding (UTF-8 actually) to copy filtered resources, i.e. build is platform dependent!
2018-06-06 00:29:44,348 [Worker-36] INFO  o.e.m.c.i.embedder.EclipseLogger - Copying 0 resource
2018-06-06 00:29:44,350 [Worker-36] WARN  o.e.m.c.i.embedder.EclipseLogger - Using platform encoding (UTF-8 actually) to copy filtered resources, i.e. build is platform dependent!
2018-06-06 00:29:44,351 [Worker-36] INFO  o.e.m.c.i.embedder.EclipseLogger - skip non existing resourceDirectory /Users/liuyi/Documents/workspace/O2O/o2o/src/test/resources
2018-06-06 00:29:44,351 [Worker-36] INFO  o.e.m.w.i.f.ResourceFilteringBuildParticipant - Changed resources require a complete clean of filtered resources of o2o
2018-06-06 00:29:44,351 [Worker-36] INFO  o.e.m.w.i.f.ResourceFilteringBuildParticipant - Executing resource filtering for o2o
2018-06-06 00:29:44,356 [Worker-36] WARN  o.e.m.c.i.embedder.EclipseLogger - Using platform encoding (UTF-8 actually) to copy filtered resources, i.e. build is platform dependent!
2018-06-06 00:29:44,534 [Worker-37] WARN  o.e.m.c.i.embedder.EclipseLogger - Using platform encoding (UTF-8 actually) to copy filtered resources, i.e. build is platform dependent!
2018-06-06 00:29:44,536 [Worker-37] INFO  o.e.m.c.i.embedder.EclipseLogger - Copying 0 resource
2018-06-06 00:29:44,537 [Worker-37] WARN  o.e.m.c.i.embedder.EclipseLogger - Using platform encoding (UTF-8 actually) to copy filtered resources, i.e. build is platform dependent!
2018-06-06 00:29:44,538 [Worker-37] INFO  o.e.m.c.i.embedder.EclipseLogger - skip non existing resourceDirectory /Users/liuyi/Documents/workspace/O2O/o2o/src/test/resources
2018-07-28 22:26:55,212 [Worker-5] INFO  o.e.m.c.i.l.LifecycleMappingFactory - Using org.maven.ide.eclipse.wtp.WarLifecycleMapping lifecycle mapping for MavenProject: com.imooc:o2o:0.0.1-SNAPSHOT @ /Users/liuyi/Documents/workspace/O2O/o2o/pom.xml.
2018-07-28 22:26:56,027 [Worker-5] WARN  o.e.m.c.i.embedder.EclipseLogger - Failed to retrieve plugin descriptor for org.apache.maven.plugins:maven-clean-plugin:2.5: Plugin org.apache.maven.plugins:maven-clean-plugin:2.5 or one of its dependencies could not be resolved: Failed to read artifact descriptor for org.apache.maven.plugins:maven-clean-plugin:jar:2.5
2018-07-28 22:26:56,079 [Worker-5] WARN  o.e.m.c.i.embedder.EclipseLogger - Failed to retrieve plugin descriptor for org.apache.maven.plugins:maven-clean-plugin:2.5: Plugin org.apache.maven.plugins:maven-clean-plugin:2.5 or one of its dependencies could not be resolved: Failed to read artifact descriptor for org.apache.maven.plugins:maven-clean-plugin:jar:2.5
2018-07-28 22:26:59,278 [Worker-5] WARN  o.e.m.c.i.embedder.EclipseLogger - Using platform encoding (UTF-8 actually) to copy filtered resources, i.e. build is platform dependent!
2018-07-28 22:26:59,292 [Worker-5] INFO  o.e.m.c.i.embedder.EclipseLogger - Copying 10 resources
2018-07-28 22:26:59,319 [Worker-5] WARN  o.e.m.c.i.embedder.EclipseLogger - Using platform encoding (UTF-8 actually) to copy filtered resources, i.e. build is platform dependent!
2018-07-28 22:26:59,321 [Worker-5] INFO  o.e.m.c.i.embedder.EclipseLogger - Copying 2 resources
2018-07-28 22:26:59,356 [Worker-5] INFO  o.e.m.w.i.f.ResourceFilteringBuildParticipant - Changed resources require a complete clean of filtered resources of o2o
2018-07-28 22:26:59,357 [Worker-5] INFO  o.e.m.w.i.f.ResourceFilteringBuildParticipant - Executing resource filtering for o2o
2018-07-28 22:26:59,365 [Worker-5] WARN  o.e.m.c.i.embedder.EclipseLogger - The POM for org.apache.maven.plugins:maven-clean-plugin:jar:2.5 is missing, no dependency information available
2018-07-28 22:26:59,377 [Worker-5] WARN  o.e.m.c.i.embedder.EclipseLogger - Using platform encoding (UTF-8 actually) to copy filtered resources, i.e. build is platform dependent!
2018-07-28 22:27:51,898 [Worker-20] WARN  o.e.m.c.i.embedder.EclipseLogger - Using platform encoding (UTF-8 actually) to copy filtered resources, i.e. build is platform dependent!
2018-07-28 22:27:51,911 [Worker-20] INFO  o.e.m.c.i.embedder.EclipseLogger - Copying 10 resources
2018-07-28 22:27:51,923 [Worker-20] WARN  o.e.m.c.i.embedder.EclipseLogger - Using platform encoding (UTF-8 actually) to copy filtered resources, i.e. build is platform dependent!
2018-07-28 22:27:51,952 [Worker-20] INFO  o.e.m.c.i.embedder.EclipseLogger - Copying 2 resources
2018-07-31 21:04:25,484 [Worker-17] INFO  o.e.m.c.i.l.LifecycleMappingFactory - Using org.maven.ide.eclipse.wtp.WarLifecycleMapping lifecycle mapping for MavenProject: com.imooc:o2o:0.0.1-SNAPSHOT @ /Users/liuyi/Documents/workspace/O2O/o2o/pom.xml.
2018-07-31 21:04:26,210 [Worker-17] WARN  o.e.m.c.i.embedder.EclipseLogger - Failed to retrieve plugin descriptor for org.apache.maven.plugins:maven-clean-plugin:2.5: Plugin org.apache.maven.plugins:maven-clean-plugin:2.5 or one of its dependencies could not be resolved: Failed to read artifact descriptor for org.apache.maven.plugins:maven-clean-plugin:jar:2.5
2018-07-31 21:04:26,315 [Worker-17] WARN  o.e.m.c.i.embedder.EclipseLogger - Failed to retrieve plugin descriptor for org.apache.maven.plugins:maven-clean-plugin:2.5: Plugin org.apache.maven.plugins:maven-clean-plugin:2.5 or one of its dependencies could not be resolved: Failed to read artifact descriptor for org.apache.maven.plugins:maven-clean-plugin:jar:2.5
2018-07-31 21:04:29,071 [Worker-17] WARN  o.e.m.c.i.embedder.EclipseLogger - Using platform encoding (UTF-8 actually) to copy filtered resources, i.e. build is platform dependent!
2018-07-31 21:04:29,090 [Worker-17] INFO  o.e.m.c.i.embedder.EclipseLogger - Copying 10 resources
2018-07-31 21:04:29,104 [Worker-17] WARN  o.e.m.c.i.embedder.EclipseLogger - Using platform encoding (UTF-8 actually) to copy filtered resources, i.e. build is platform dependent!
2018-07-31 21:04:29,105 [Worker-17] INFO  o.e.m.c.i.embedder.EclipseLogger - Copying 2 resources
2018-07-31 21:04:29,152 [Worker-17] INFO  o.e.m.w.i.f.ResourceFilteringBuildParticipant - Changed resources require a complete clean of filtered resources of o2o
2018-07-31 21:04:29,169 [Worker-17] INFO  o.e.m.w.i.f.ResourceFilteringBuildParticipant - Executing resource filtering for o2o
2018-07-31 21:04:29,179 [Worker-17] WARN  o.e.m.c.i.embedder.EclipseLogger - The POM for org.apache.maven.plugins:maven-clean-plugin:jar:2.5 is missing, no dependency information available
2018-07-31 21:04:29,202 [Worker-17] WARN  o.e.m.c.i.embedder.EclipseLogger - Using platform encoding (UTF-8 actually) to copy filtered resources, i.e. build is platform dependent!
2018-07-31 21:13:48,304 [Worker-36] WARN  o.e.m.c.i.embedder.EclipseLogger - Using platform encoding (UTF-8 actually) to copy filtered resources, i.e. build is platform dependent!
2018-07-31 21:13:48,328 [Worker-36] INFO  o.e.m.c.i.embedder.EclipseLogger - Copying 0 resource
2018-07-31 21:13:48,330 [Worker-36] WARN  o.e.m.c.i.embedder.EclipseLogger - Using platform encoding (UTF-8 actually) to copy filtered resources, i.e. build is platform dependent!
2018-07-31 21:13:48,331 [Worker-36] INFO  o.e.m.c.i.embedder.EclipseLogger - Copying 0 resource
2018-09-09 10:11:03,169 [Worker-12] INFO  o.e.m.c.i.l.LifecycleMappingFactory - Using org.maven.ide.eclipse.wtp.WarLifecycleMapping lifecycle mapping for MavenProject: com.imooc:o2o:0.0.1-SNAPSHOT @ /Users/liuyi/Documents/workspace/O2O/o2o/pom.xml.
2018-09-09 10:11:03,813 [Worker-12] WARN  o.e.m.c.i.embedder.EclipseLogger - Failed to retrieve plugin descriptor for org.apache.maven.plugins:maven-clean-plugin:2.5: Plugin org.apache.maven.plugins:maven-clean-plugin:2.5 or one of its dependencies could not be resolved: Failed to read artifact descriptor for org.apache.maven.plugins:maven-clean-plugin:jar:2.5
2018-09-09 10:11:03,867 [Worker-12] WARN  o.e.m.c.i.embedder.EclipseLogger - Failed to retrieve plugin descriptor for org.apache.maven.plugins:maven-clean-plugin:2.5: Plugin org.apache.maven.plugins:maven-clean-plugin:2.5 or one of its dependencies could not be resolved: Failed to read artifact descriptor for org.apache.maven.plugins:maven-clean-plugin:jar:2.5
2018-09-09 10:11:07,028 [Worker-12] WARN  o.e.m.c.i.embedder.EclipseLogger - Using platform encoding (UTF-8 actually) to copy filtered resources, i.e. build is platform dependent!
2018-09-09 10:11:07,039 [Worker-12] INFO  o.e.m.c.i.embedder.EclipseLogger - Copying 10 resources
2018-09-09 10:11:07,049 [Worker-12] WARN  o.e.m.c.i.embedder.EclipseLogger - Using platform encoding (UTF-8 actually) to copy filtered resources, i.e. build is platform dependent!
2018-09-09 10:11:07,050 [Worker-12] INFO  o.e.m.c.i.embedder.EclipseLogger - Copying 2 resources
2018-09-09 10:11:07,056 [Worker-12] INFO  o.e.m.w.i.f.ResourceFilteringBuildParticipant - Changed resources require a complete clean of filtered resources of o2o
2018-09-09 10:11:07,057 [Worker-12] INFO  o.e.m.w.i.f.ResourceFilteringBuildParticipant - Executing resource filtering for o2o
2018-09-09 10:11:07,070 [Worker-12] WARN  o.e.m.c.i.embedder.EclipseLogger - The POM for org.apache.maven.plugins:maven-clean-plugin:jar:2.5 is missing, no dependency information available
2018-09-09 10:11:07,080 [Worker-12] WARN  o.e.m.c.i.embedder.EclipseLogger - Using platform encoding (UTF-8 actually) to copy filtered resources, i.e. build is platform dependent!
2018-09-09 10:11:10,300 [Worker-8] WARN  o.e.m.c.i.embedder.EclipseLogger - Using platform encoding (UTF-8 actually) to copy filtered resources, i.e. build is platform dependent!
2018-09-09 10:11:10,317 [Worker-8] INFO  o.e.m.c.i.embedder.EclipseLogger - Copying 11 resources
2018-09-09 10:11:10,339 [Worker-8] WARN  o.e.m.c.i.embedder.EclipseLogger - Using platform encoding (UTF-8 actually) to copy filtered resources, i.e. build is platform dependent!
2018-09-09 10:11:10,341 [Worker-8] INFO  o.e.m.c.i.embedder.EclipseLogger - Copying 2 resources
